[ 52889.184] 
X.Org X Server 1.19.2
Release Date: 2017-03-02
[ 52889.185] X Protocol Version 11, Revision 0
[ 52889.185] Build Operating System: Linux 4.9.41-v7+ armv7l Raspbian
[ 52889.185] Current Operating System: Linux raspberrypi 4.9.59-v7+ #1047 SMP Sun Oct 29 12:19:23 GMT 2017 armv7l
[ 52889.185] Kernel command line: 8250.nr_uarts=0 bcm2708_fb.fbwidth=640 bcm2708_fb.fbheight=480 bcm2708_fb.fbswap=1 vc_mem.mem_base=0x3dc00000 vc_mem.mem_size=0x3f000000  dwc_otg.lpm_enable=0 console=ttyS0,115200 console=tty1 root=/dev/mmcblk0p7 rootfstype=ext4 elevator=deadline fsck.repair=yes rootwait splash plymouth.ignore-serial-consoles
[ 52889.185] Build Date: 18 October 2017  04:55:30PM
[ 52889.185] xorg-server 2:1.19.2-1+rpt1+deb9u2 (https://www.debian.org/support) 
[ 52889.185] Current version of pixman: 0.34.0
[ 52889.185] 	Before reporting problems, check http://wiki.x.org
	to make sure that you have the latest version.
[ 52889.185] Markers: (--) probed, (**) from config file, (==) default setting,
	(++) from command line, (!!) notice, (II) informational,
	(WW) warning, (EE) error, (NI) not implemented, (??) unknown.
[ 52889.186] (==) Log file: "/home/pi/.local/share/xorg/Xorg.0.log", Time: Sun Feb 11 13:22:08 2018
[ 52889.201] (==) Using system config directory "/usr/share/X11/xorg.conf.d"
[ 52889.204] (==) No Layout section.  Using the first Screen section.
[ 52889.204] (==) No screen section available. Using defaults.
[ 52889.204] (**) |-->Screen "Default Screen Section" (0)
[ 52889.204] (**) |   |-->Monitor "<default monitor>"
[ 52889.214] (==) No device specified for screen "Default Screen Section".
	Using the first device section listed.
[ 52889.214] (**) |   |-->Device "Allwinner A10/A13 FBDEV"
[ 52889.214] (==) No monitor specified for screen "Default Screen Section".
	Using a default monitor configuration.
[ 52889.214] (==) Automatically adding devices
[ 52889.214] (==) Automatically enabling devices
[ 52889.214] (==) Automatically adding GPU devices
[ 52889.214] (==) Max clients allowed: 256, resource mask: 0x1fffff
[ 52889.228] (WW) The directory "/usr/share/fonts/X11/misc" does not exist.
[ 52889.228] 	Entry deleted from font path.
[ 52889.228] (WW) The directory "/usr/share/fonts/X11/cyrillic" does not exist.
[ 52889.228] 	Entry deleted from font path.
[ 52889.230] (WW) The directory "/usr/share/fonts/X11/75dpi/" does not exist.
[ 52889.230] 	Entry deleted from font path.
[ 52889.231] (WW) The directory "/usr/share/fonts/X11/75dpi" does not exist.
[ 52889.231] 	Entry deleted from font path.
[ 52889.231] (==) FontPath set to:
	/usr/share/fonts/X11/100dpi/:unscaled,
	/usr/share/fonts/X11/Type1,
	/usr/share/fonts/X11/100dpi,
	built-ins
[ 52889.231] (==) ModulePath set to "/usr/lib/xorg/modules"
[ 52889.231] (II) The server relies on udev to provide the list of input devices.
	If no devices become available, reconfigure udev or disable AutoAddDevices.
[ 52889.234] (II) Loader magic: 0x1fbf40
[ 52889.234] (II) Module ABI versions:
[ 52889.234] 	X.Org ANSI C Emulation: 0.4
[ 52889.234] 	X.Org Video Driver: 23.0
[ 52889.234] 	X.Org XInput driver : 24.1
[ 52889.234] 	X.Org Server Extension : 10.0
[ 52889.246] (II) systemd-logind: took control of session /org/freedesktop/login1/session/c3
[ 52889.247] (II) no primary bus or device found
[ 52889.248] (II) LoadModule: "glx"
[ 52889.251] (II) Loading /usr/lib/xorg/modules/extensions/libglx.so
[ 52889.323] (II) Module glx: vendor="X.Org Foundation"
[ 52889.323] 	compiled for 1.19.2, module version = 1.0.0
[ 52889.323] 	ABI class: X.Org Server Extension, version 10.0
[ 52889.323] (II) LoadModule: "fbturbo"
[ 52889.325] (II) Loading /usr/lib/xorg/modules/drivers/fbturbo_drv.so
[ 52889.331] (II) Module fbturbo: vendor="X.Org Foundation"
[ 52889.331] 	compiled for 1.19.2, module version = 0.5.1
[ 52889.331] 	Module class: X.Org Video Driver
[ 52889.331] 	ABI class: X.Org Video Driver, version 23.0
[ 52889.331] (II) FBTURBO: driver for framebuffer: fbturbo
[ 52889.331] (EE) 
Fatal server error:
[ 52889.331] (EE) parse_vt_settings: Cannot open /dev/tty0 (Permission denied)
[ 52889.331] (EE) 
[ 52889.332] (EE) 
Please consult the The X.Org Foundation support 
	 at http://wiki.x.org
 for help. 
[ 52889.332] (EE) Please also check the log file at "/home/pi/.local/share/xorg/Xorg.0.log" for additional information.
[ 52889.332] (EE) 
[ 52889.332] (WW) xf86CloseConsole: KDSETMODE failed: Bad file descriptor
[ 52889.332] (WW) xf86CloseConsole: VT_GETMODE failed: Bad file descriptor
[ 52889.335] (EE) Server terminated with error (1). Closing log file.
